#
# A fatal error has been detected by the Java Runtime Environment:
#
#  SIGSEGV (0xb) at pc=0x00007f960704e2f6, pid=742818, tid=0x00007f960644a640
#
# JRE version: OpenJDK Runtime Environment (8.0_292-b10) (build 1.8.0_292-b10)
# Java VM: OpenJDK 64-Bit Server VM (25.292-b10 mixed mode linux-amd64 compressed oops)
# Problematic frame:
# V  [libjvm.so+0xabf2f6]
#
# Core dump written. Default location: /home/tudbut/IdeaProjects/tuddylib/core or core.742818
#
# If you would like to submit a bug report, please visit:
#   http://bugreport.java.com/bugreport/crash.jsp
#

---------------  T H R E A D  ---------------

Current thread (0x00007f960000c000):  JavaThread "main" [_thread_in_vm, id=742819, stack(0x00007f960634b000,0x00007f960644b000)]

siginfo: si_signo: 11 (SIGSEGV), si_code: 1 (SEGV_MAPERR), si_addr: 0x0000000000000000

Registers:
RAX=0x00007f960000c000, RBX=0x0000000000000000, RCX=0x0000000000000001, RDX=0x00007f960738a0a0
RSP=0x00007f96064497f0, RBP=0x00007f9606449820, RSI=0x00007f96064498b8, RDI=0x0000000000000010
R8 =0x00007f960000c000, R9 =0x0000000000000004, R10=0x00007f95f10183fb, R11=0x00007f9606f7fa50
R12=0x00007f960000c000, R13=0x00007f95e8bdf1e0, R14=0x00007f960734f94c, R15=0x00007f960000c000
RIP=0x00007f960704e2f6, EFLAGS=0x0000000000010246, CSGSFS=0x002b000000000033, ERR=0x0000000000000004
  TRAPNO=0x000000000000000e

Top of Stack: (sp=0x00007f96064497f0)
0x00007f96064497f0:   00007f95f1005310 00007f95e8bdf1e0
0x00007f9606449800:   0000000000000000 00007f95e8bdf1e0
0x00007f9606449810:   00007f96064498b8 00007f960000c000
0x00007f9606449820:   00007f9606449888 00007f95f1018427
0x00007f9606449830:   00007f95e8bdf1e0 00007f960000c000
0x00007f9606449840:   fffffffe00000000 00007f9606449848
0x00007f9606449850:   0000000000000000 00007f96064498b8
0x00007f9606449860:   00007f95e8c0db30 0000000000000000
0x00007f9606449870:   00007f95e8bdf1e0 0000000000000000
0x00007f9606449880:   00007f96064498a8 00007f9606449910
0x00007f9606449890:   00007f95f1007700 0000000000000000
0x00007f96064498a0:   00007f95f1011a4e 0000000000000000
0x00007f96064498b0:   0000000000000000 000000076cf089b8
0x00007f96064498c0:   000000076d233a08 000000076d233a08
0x00007f96064498d0:   00007f96064498d0 00007f95e8f60532
0x00007f96064498e0:   00007f9606449948 00007f95e8f60658
0x00007f96064498f0:   0000000000000000 00007f95e8f605e0
0x00007f9606449900:   00007f96064498a8 00007f9606449948
0x00007f9606449910:   00007f96064499b0 00007f95f10004e7
0x00007f9606449920:   0000000000000000 0000000000000001
0x00007f9606449930:   000000076d21a368 000000076cf089b8
0x00007f9606449940:   000000076cf7dcf0 000000076cf7cc20
0x00007f9606449950:   0000000000001fa0 00007f9606449a50
0x00007f9606449960:   00007f9606449c40 00007f960000c000
0x00007f9606449970:   00007f960000c000 00007f95e8f605e0
0x00007f9606449980:   00007f9606449a50 00007f9606449c48
0x00007f9606449990:   00007f960000000a 00007f95e8f605e0
0x00007f96064499a0:   00007f95f1013340 00007f9606449b88
0x00007f96064499b0:   00007f9606449ac0 00007f9606c0b54e
0x00007f96064499c0:   0000000000000001 00007f960000c000
0x00007f96064499d0:   00007f960000a5f0 00007f960000a600
0x00007f96064499e0:   00007f9606449a10 000000000000000a 

Instructions: (pc=0x00007f960704e2f6)
0x00007f960704e2d6:   05 cd 60 2d 00 41 c7 84 24 c8 02 00 00 06 00 00
0x00007f960704e2e6:   00 8b 38 ff 15 71 19 2c 00 c6 80 ec 02 00 00 01
0x00007f960704e2f6:   44 0f b6 2b c6 80 ec 02 00 00 00 49 8b 5c 24 48
0x00007f960704e306:   48 8b 43 10 4c 8b 7b 08 48 83 38 00 74 1b 48 8b 

Register to memory mapping:

RAX=0x00007f960000c000 is a thread
RBX=0x0000000000000000 is an unknown value
RCX=0x0000000000000001 is an unknown value
RDX=0x00007f960738a0a0: <offset 0x1c0a0> in /usr/lib/libpthread.so.0 at 0x00007f960736e000
RSP=0x00007f96064497f0 is pointing into the stack for thread: 0x00007f960000c000
RBP=0x00007f9606449820 is pointing into the stack for thread: 0x00007f960000c000
RSI=0x00007f96064498b8 is pointing into the stack for thread: 0x00007f960000c000
RDI=0x0000000000000010 is an unknown value
R8 =0x00007f960000c000 is a thread
R9 =0x0000000000000004 is an unknown value
R10=0x00007f95f10183fb is at code_begin+859 in an Interpreter codelet
method entry point (kind = native)  [0x00007f95f10180a0, 0x00007f95f1018a40]  2464 bytes
R11=0x00007f9606f7fa50: <offset 0x9f0a50> in /usr/lib/jvm/java-8-openjdk/jre/lib/amd64/server/libjvm.so at 0x00007f960658f000
R12=0x00007f960000c000 is a thread
R13={method} {0x00007f95e8bdf1e0} 'getByte' '(J)B' in 'sun/misc/Unsafe'
R14=0x00007f960734f94c: <offset 0xdc094c> in /usr/lib/jvm/java-8-openjdk/jre/lib/amd64/server/libjvm.so at 0x00007f960658f000
R15=0x00007f960000c000 is a thread


Stack: [0x00007f960634b000,0x00007f960644b000],  sp=0x00007f96064497f0,  free space=1017k
Native frames: (J=compiled Java code, j=interpreted, Vv=VM code, C=native code)
V  [libjvm.so+0xabf2f6]
j  sun.misc.Unsafe.getByte(J)B+0
j  DiscordRPCTest.main([Ljava/lang/String;)V+58
v  ~StubRoutines::call_stub
V  [libjvm.so+0x67c54e]
V  [libjvm.so+0x6f3b40]
V  [libjvm.so+0x6f6962]
C  [libjli.so+0x3d74]
C  [libpthread.so.0+0x9259]  start_thread+0xe9

Java frames: (J=compiled Java code, j=interpreted, Vv=VM code)
j  sun.misc.Unsafe.getByte(J)B+0
j  DiscordRPCTest.main([Ljava/lang/String;)V+58
v  ~StubRoutines::call_stub

---------------  P R O C E S S  ---------------

Java Threads: ( => current thread )
  0x00007f96000d5000 JavaThread "Service Thread" daemon [_thread_blocked, id=742836, stack(0x00007f95db5f6000,0x00007f95db6f7000)]
  0x00007f96000c1800 JavaThread "C1 CompilerThread2" daemon [_thread_blocked, id=742835, stack(0x00007f95db6f8000,0x00007f95db7f8000)]
  0x00007f96000c0000 JavaThread "C2 CompilerThread1" daemon [_thread_blocked, id=742834, stack(0x00007f95db7f9000,0x00007f95db8f9000)]
  0x00007f96000bd000 JavaThread "C2 CompilerThread0" daemon [_thread_blocked, id=742833, stack(0x00007f95db8fa000,0x00007f95db9fa000)]
  0x00007f96000b7800 JavaThread "Signal Dispatcher" daemon [_thread_blocked, id=742832, stack(0x00007f95db9fa000,0x00007f95dbafb000)]
  0x00007f9600088000 JavaThread "Finalizer" daemon [_thread_blocked, id=742831, stack(0x00007f95dbafb000,0x00007f95dbbfc000)]
  0x00007f9600083000 JavaThread "Reference Handler" daemon [_thread_blocked, id=742830, stack(0x00007f95dbbfc000,0x00007f95dbcfd000)]
=>0x00007f960000c000 JavaThread "main" [_thread_in_vm, id=742819, stack(0x00007f960634b000,0x00007f960644b000)]

Other Threads:
  0x00007f9600079800 VMThread [stack: 0x00007f95dbcfe000,0x00007f95dbdfe000] [id=742829]
  0x00007f96000d7800 WatcherThread [stack: 0x00007f95db4f6000,0x00007f95db5f6000] [id=742837]

VM state:not at safepoint (normal execution)

VM Mutex/Monitor currently owned by a thread: None

heap address: 0x00000006c6c00000, size: 3988 MB, Compressed Oops mode: Zero based, Oop shift amount: 3
Narrow klass base: 0x0000000000000000, Narrow klass shift: 3
Compressed class space size: 1073741824 Address: 0x00000007c0000000

Heap:
 PSYoungGen      total 74752K, used 7777K [0x000000076cf00000, 0x0000000772200000, 0x00000007c0000000)
  eden space 64512K, 12% used [0x000000076cf00000,0x000000076d698448,0x0000000770e00000)
  from space 10240K, 0% used [0x0000000771800000,0x0000000771800000,0x0000000772200000)
  to   space 10240K, 0% used [0x0000000770e00000,0x0000000770e00000,0x0000000771800000)
 ParOldGen       total 171008K, used 0K [0x00000006c6c00000, 0x00000006d1300000, 0x000000076cf00000)
  object space 171008K, 0% used [0x00000006c6c00000,0x00000006c6c00000,0x00000006d1300000)
 Metaspace       used 4249K, capacity 4702K, committed 4992K, reserved 1056768K
  class space    used 470K, capacity 530K, committed 640K, reserved 1048576K

Card table byte_map: [0x00007f9605757000,0x00007f9605f22000] byte_map_base: 0x00007f9602121000

Marking Bits: (ParMarkBitMap*) 0x00007f960734ef80
 Begin Bits: [0x00007f95e9360000, 0x00007f95ed1b0000)
 End Bits:   [0x00007f95ed1b0000, 0x00007f95f1000000)

Polling page: 0x00007f9607585000

CodeCache: size=245760Kb used=1404Kb max_used=1404Kb free=244355Kb
 bounds [0x00007f95f1000000, 0x00007f95f1270000, 0x00007f9600000000]
 total_blobs=486 nmethods=184 adapters=216
 compilation: enabled

Compilation events (10 events):
Event: 0.309 Thread 0x00007f96000c1800  182       3       java.lang.CharacterDataLatin1::getProperties (11 bytes)
Event: 0.309 Thread 0x00007f96000c1800 nmethod 182 0x00007f95f115c650 code [0x00007f95f115c7c0, 0x00007f95f115c950]
Event: 0.309 Thread 0x00007f96000c1800  178       1       java.io.File::getPath (5 bytes)
Event: 0.309 Thread 0x00007f96000c1800 nmethod 178 0x00007f95f115ca50 code [0x00007f95f115cba0, 0x00007f95f115ccb0]
Event: 0.309 Thread 0x00007f96000c1800  179       3       java.lang.ref.SoftReference::get (29 bytes)
Event: 0.309 Thread 0x00007f96000c1800 nmethod 179 0x00007f95f115cd10 code [0x00007f95f115ce80, 0x00007f95f115d070]
Event: 0.309 Thread 0x00007f96000c1800  183       3       java.util.concurrent.ConcurrentHashMap::get (162 bytes)
Event: 0.310 Thread 0x00007f96000c1800 nmethod 183 0x00007f95f115d0d0 code [0x00007f95f115d2e0, 0x00007f95f115de78]
Event: 0.310 Thread 0x00007f96000c1800  184       3       java.lang.String::substring (56 bytes)
Event: 0.310 Thread 0x00007f96000c1800 nmethod 184 0x00007f95f115e2d0 code [0x00007f95f115e480, 0x00007f95f115e828]

GC Heap History (0 events):
No events

Deoptimization events (0 events):
No events

Classes redefined (0 events):
No events

Internal exceptions (10 events):
Event: 0.039 Thread 0x00007f960000c000 Exception <a 'java/lang/NoSuchMethodError': Method sun.misc.Unsafe.defineClass(Ljava/lang/String;[BII)Ljava/lang/Class; name or signature does not match> (0x000000076cf07cc0) thrown at [/build/java8-openjdk/src/jdk8u-jdk8u292-b10/hotspot/src/share/vm/prim
Event: 0.039 Thread 0x00007f960000c000 Exception <a 'java/lang/NoSuchMethodError': Method sun.misc.Unsafe.prefetchRead(Ljava/lang/Object;J)V name or signature does not match> (0x000000076cf07fa8) thrown at [/build/java8-openjdk/src/jdk8u-jdk8u292-b10/hotspot/src/share/vm/prims/jni.cpp, line 40
Event: 0.225 Thread 0x00007f960000c000 Exception <a 'java/lang/NoSuchFieldError': method resolution failed> (0x000000076d18ee08) thrown at [/build/java8-openjdk/src/jdk8u-jdk8u292-b10/hotspot/src/share/vm/prims/methodHandles.cpp, line 1169]
Event: 0.230 Thread 0x00007f960000c000 Exception <a 'java/lang/NoSuchFieldError': method resolution failed> (0x000000076d19c588) thrown at [/build/java8-openjdk/src/jdk8u-jdk8u292-b10/hotspot/src/share/vm/prims/methodHandles.cpp, line 1169]
Event: 0.308 Thread 0x00007f960000c000 Exception <a 'java/security/PrivilegedActionException'> (0x000000076d22dea0) thrown at [/build/java8-openjdk/src/jdk8u-jdk8u292-b10/hotspot/src/share/vm/prims/jvm.cpp, line 1521]
Event: 0.308 Thread 0x00007f960000c000 Exception <a 'java/security/PrivilegedActionException'> (0x000000076d22e0b0) thrown at [/build/java8-openjdk/src/jdk8u-jdk8u292-b10/hotspot/src/share/vm/prims/jvm.cpp, line 1521]
Event: 0.309 Thread 0x00007f960000c000 Exception <a 'java/security/PrivilegedActionException'> (0x000000076d230468) thrown at [/build/java8-openjdk/src/jdk8u-jdk8u292-b10/hotspot/src/share/vm/prims/jvm.cpp, line 1521]
Event: 0.309 Thread 0x00007f960000c000 Exception <a 'java/security/PrivilegedActionException'> (0x000000076d230678) thrown at [/build/java8-openjdk/src/jdk8u-jdk8u292-b10/hotspot/src/share/vm/prims/jvm.cpp, line 1521]
Event: 0.310 Thread 0x00007f960000c000 Exception <a 'java/io/FileNotFoundException'> (0x000000076d232338) thrown at [/build/java8-openjdk/src/jdk8u-jdk8u292-b10/hotspot/src/share/vm/prims/jni.cpp, line 711]
Event: 0.310 Thread 0x00007f960000c000 Exception <a 'java/io/FileNotFoundException'> (0x000000076d232c30) thrown at [/build/java8-openjdk/src/jdk8u-jdk8u292-b10/hotspot/src/share/vm/prims/jni.cpp, line 711]

Events (10 events):
Event: 0.309 loading class java/util/ListResourceBundle done
Event: 0.309 loading class sun/awt/resources/awt done
Event: 0.310 loading class java/awt/Toolkit$3
Event: 0.310 loading class java/awt/Toolkit$3 done
Event: 0.310 loading class java/awt/Toolkit$1
Event: 0.310 loading class java/awt/Toolkit$1 done
Event: 0.310 loading class java/awt/Color
Event: 0.314 loading class java/awt/Paint
Event: 0.314 loading class java/awt/Paint done
Event: 0.314 loading class java/awt/Color done


Dynamic libraries:
6c6c00000-6d1300000 rw-p 00000000 00:00 0 
6d1300000-76cf00000 ---p 00000000 00:00 0 
76cf00000-772200000 rw-p 00000000 00:00 0 
772200000-7c0000000 ---p 00000000 00:00 0 
7c0000000-7c00a0000 rw-p 00000000 00:00 0 
7c00a0000-800000000 ---p 00000000 00:00 0 
5568d4ff0000-5568d4ff1000 r--p 00000000 08:04 2854220                    /usr/lib/jvm/java-8-openjdk/jre/bin/java
5568d4ff1000-5568d4ff2000 r-xp 00001000 08:04 2854220                    /usr/lib/jvm/java-8-openjdk/jre/bin/java
5568d4ff2000-5568d4ff3000 r--p 00002000 08:04 2854220                    /usr/lib/jvm/java-8-openjdk/jre/bin/java
5568d4ff3000-5568d4ff4000 r--p 00002000 08:04 2854220                    /usr/lib/jvm/java-8-openjdk/jre/bin/java
5568d4ff4000-5568d4ff5000 rw-p 00003000 08:04 2854220                    /usr/lib/jvm/java-8-openjdk/jre/bin/java
5568d67db000-5568d67fc000 rw-p 00000000 00:00 0                          [heap]
7f95b0000000-7f95b0021000 rw-p 00000000 00:00 0 
7f95b0021000-7f95b4000000 ---p 00000000 00:00 0 
7f95b4000000-7f95b41ab000 rw-p 00000000 00:00 0 
7f95b41ab000-7f95b8000000 ---p 00000000 00:00 0 
7f95b8000000-7f95b8021000 rw-p 00000000 00:00 0 
7f95b8021000-7f95bc000000 ---p 00000000 00:00 0 
7f95bc000000-7f95bc021000 rw-p 00000000 00:00 0 
7f95bc021000-7f95c0000000 ---p 00000000 00:00 0 
7f95c0000000-7f95c0021000 rw-p 00000000 00:00 0 
7f95c0021000-7f95c4000000 ---p 00000000 00:00 0 
7f95c4000000-7f95c40af000 rw-p 00000000 00:00 0 
7f95c40af000-7f95c8000000 ---p 00000000 00:00 0 
7f95c8000000-7f95c8021000 rw-p 00000000 00:00 0 
7f95c8021000-7f95cc000000 ---p 00000000 00:00 0 
7f95cc000000-7f95cc021000 rw-p 00000000 00:00 0 
7f95cc021000-7f95d0000000 ---p 00000000 00:00 0 
7f95d0000000-7f95d0021000 rw-p 00000000 00:00 0 
7f95d0021000-7f95d4000000 ---p 00000000 00:00 0 
7f95d4000000-7f95d4021000 rw-p 00000000 00:00 0 
7f95d4021000-7f95d8000000 ---p 00000000 00:00 0 
7f95db196000-7f95db198000 r--p 00000000 08:04 2852843                    /usr/lib/libXdmcp.so.6.0.0
7f95db198000-7f95db19a000 r-xp 00002000 08:04 2852843                    /usr/lib/libXdmcp.so.6.0.0
7f95db19a000-7f95db19c000 r--p 00004000 08:04 2852843                    /usr/lib/libXdmcp.so.6.0.0
7f95db19c000-7f95db19d000 r--p 00005000 08:04 2852843                    /usr/lib/libXdmcp.so.6.0.0
7f95db19d000-7f95db19e000 rw-p 00006000 08:04 2852843                    /usr/lib/libXdmcp.so.6.0.0
7f95db19e000-7f95db1aa000 r--p 00000000 08:04 2852918                    /usr/lib/libxcb.so.1.1.0
7f95db1aa000-7f95db1bd000 r-xp 0000c000 08:04 2852918                    /usr/lib/libxcb.so.1.1.0
7f95db1bd000-7f95db1c6000 r--p 0001f000 08:04 2852918                    /usr/lib/libxcb.so.1.1.0
7f95db1c6000-7f95db1c7000 r--p 00027000 08:04 2852918                    /usr/lib/libxcb.so.1.1.0
7f95db1c7000-7f95db1c8000 rw-p 00028000 08:04 2852918                    /usr/lib/libxcb.so.1.1.0
7f95db1c8000-7f95db1cb000 r--p 00000000 08:04 2852960                    /usr/lib/libXi.so.6.1.0
7f95db1cb000-7f95db1d6000 r-xp 00003000 08:04 2852960                    /usr/lib/libXi.so.6.1.0
7f95db1d6000-7f95db1d9000 r--p 0000e000 08:04 2852960                    /usr/lib/libXi.so.6.1.0
7f95db1d9000-7f95db1da000 r--p 00010000 08:04 2852960                    /usr/lib/libXi.so.6.1.0
7f95db1da000-7f95db1db000 rw-p 00011000 08:04 2852960                    /usr/lib/libXi.so.6.1.0
7f95db1db000-7f95db1dd000 r--p 00000000 08:04 2852930                    /usr/lib/libXrender.so.1.3.0
7f95db1dd000-7f95db1e4000 r-xp 00002000 08:04 2852930                    /usr/lib/libXrender.so.1.3.0
7f95db1e4000-7f95db1e6000 r--p 00009000 08:04 2852930                    /usr/lib/libXrender.so.1.3.0
7f95db1e6000-7f95db1e7000 r--p 0000a000 08:04 2852930                    /usr/lib/libXrender.so.1.3.0
7f95db1e7000-7f95db1e8000 rw-p 0000b000 08:04 2852930                    /usr/lib/libXrender.so.1.3.0
7f95db1e8000-7f95db204000 r--p 00000000 08:04 2852924                    /usr/lib/libX11.so.6.4.0
7f95db204000-7f95db28e000 r-xp 0001c000 08:04 2852924                    /usr/lib/libX11.so.6.4.0
7f95db28e000-7f95db322000 r--p 000a6000 08:04 2852924                    /usr/lib/libX11.so.6.4.0
7f95db322000-7f95db325000 r--p 00139000 08:04 2852924                    /usr/lib/libX11.so.6.4.0
7f95db325000-7f95db329000 rw-p 0013c000 08:04 2852924                    /usr/lib/libX11.so.6.4.0
7f95db329000-7f95db339000 r--p 00000000 08:04 2854236                    /usr/lib/jvm/java-8-openjdk/jre/lib/amd64/libawt_xawt.so
7f95db339000-7f95db375000 r-xp 00010000 08:04 2854236                    /usr/lib/jvm/java-8-openjdk/jre/lib/amd64/libawt_xawt.so
7f95db375000-7f95db386000 r--p 0004c000 08:04 2854236                    /usr/lib/jvm/java-8-openjdk/jre/lib/amd64/libawt_xawt.so
7f95db386000-7f95db387000 ---p 0005d000 08:04 2854236                    /usr/lib/jvm/java-8-openjdk/jre/lib/amd64/libawt_xawt.so
7f95db387000-7f95db388000 r--p 0005d000 08:04 2854236                    /usr/lib/jvm/java-8-openjdk/jre/lib/amd64/libawt_xawt.so
7f95db388000-7f95db38a000 rw-p 0005e000 08:04 2854236                    /usr/lib/jvm/java-8-openjdk/jre/lib/amd64/libawt_xawt.so
7f95db38a000-7f95db38c000 rw-p 00000000 00:00 0 
7f95db38c000-7f95db3b9000 r--p 00000000 08:04 2854234                    /usr/lib/jvm/java-8-openjdk/jre/lib/amd64/libawt.so
7f95db3b9000-7f95db421000 r-xp 0002d000 08:04 2854234                    /usr/lib/jvm/java-8-openjdk/jre/lib/amd64/libawt.so
7f95db421000-7f95db42d000 r--p 00095000 08:04 2854234                    /usr/lib/jvm/java-8-openjdk/jre/lib/amd64/libawt.so
7f95db42d000-7f95db42e000 ---p 000a1000 08:04 2854234                    /usr/lib/jvm/java-8-openjdk/jre/lib/amd64/libawt.so
7f95db42e000-7f95db42f000 r--p 000a1000 08:04 2854234                    /usr/lib/jvm/java-8-openjdk/jre/lib/amd64/libawt.so
7f95db42f000-7f95db43a000 rw-p 000a2000 08:04 2854234                    /usr/lib/jvm/java-8-openjdk/jre/lib/amd64/libawt.so
7f95db43a000-7f95db45f000 rw-p 00000000 00:00 0 
7f95db45f000-7f95db4f5000 r--s 007ce000 08:04 2877814                    /usr/lib/jvm/java-8-openjdk/jre/lib/ext/jfxrt.jar
7f95db4f5000-7f95db4f6000 ---p 00000000 00:00 0 
7f95db4f6000-7f95db5f6000 rw-p 00000000 00:00 0 
7f95db5f6000-7f95db5f9000 ---p 00000000 00:00 0 
7f95db5f9000-7f95db6f7000 rw-p 00000000 00:00 0 
7f95db6f7000-7f95db6f8000 ---p 00000000 00:00 0 
7f95db6f8000-7f95db6fb000 ---p 00000000 00:00 0 
7f95db6fb000-7f95db7f8000 rw-p 00000000 00:00 0 
7f95db7f8000-7f95db7f9000 ---p 00000000 00:00 0 
7f95db7f9000-7f95db7fc000 ---p 00000000 00:00 0 
7f95db7fc000-7f95db8f9000 rw-p 00000000 00:00 0 
7f95db8f9000-7f95db8fa000 ---p 00000000 00:00 0 
7f95db8fa000-7f95db8fd000 ---p 00000000 00:00 0 
7f95db8fd000-7f95db9fa000 rw-p 00000000 00:00 0 
7f95db9fa000-7f95db9fd000 ---p 00000000 00:00 0 
7f95db9fd000-7f95dbafb000 rw-p 00000000 00:00 0 
7f95dbafb000-7f95dbafe000 ---p 00000000 00:00 0 
7f95dbafe000-7f95dbbfc000 rw-p 00000000 00:00 0 
7f95dbbfc000-7f95dbbff000 ---p 00000000 00:00 0 
7f95dbbff000-7f95dbcfd000 rw-p 00000000 00:00 0 
7f95dbcfd000-7f95dbcfe000 ---p 00000000 00:00 0 
7f95dbcfe000-7f95dc000000 rw-p 00000000 00:00 0 
7f95dc000000-7f95dc021000 rw-p 00000000 00:00 0 
7f95dc021000-7f95e0000000 ---p 00000000 00:00 0 
7f95e0000000-7f95e0021000 rw-p 00000000 00:00 0 
7f95e0021000-7f95e4000000 ---p 00000000 00:00 0 
7f95e4000000-7f95e4021000 rw-p 00000000 00:00 0 
7f95e4021000-7f95e8000000 ---p 00000000 00:00 0 
7f95e8003000-7f95e8004000 r--p 00000000 08:04 2852846                    /usr/lib/libXau.so.6.0.0
7f95e8004000-7f95e8005000 r-xp 00001000 08:04 2852846                    /usr/lib/libXau.so.6.0.0
7f95e8005000-7f95e8006000 r--p 00002000 08:04 2852846                    /usr/lib/libXau.so.6.0.0
7f95e8006000-7f95e8007000 r--p 00002000 08:04 2852846                    /usr/lib/libXau.so.6.0.0
7f95e8007000-7f95e8008000 rw-p 00003000 08:04 2852846                    /usr/lib/libXau.so.6.0.0
7f95e8024000-7f95e8fa0000 rw-p 00000000 00:00 0 
7f95e8fa0000-7f95e9360000 ---p 00000000 00:00 0 
7f95e9360000-7f95f1000000 rw-p 00000000 00:00 0 
7f95f1000000-7f95f1270000 rwxp 00000000 00:00 0 
7f95f1270000-7f9600000000 ---p 00000000 00:00 0 
7f9600000000-7f96001d0000 rw-p 00000000 00:00 0 
7f96001d0000-7f9604000000 ---p 00000000 00:00 0 
7f9604004000-7f9604008000 r--p 00000000 08:04 2852927                    /usr/lib/libXext.so.6.4.0
7f9604008000-7f9604013000 r-xp 00004000 08:04 2852927                    /usr/lib/libXext.so.6.4.0
7f9604013000-7f9604017000 r--p 0000f000 08:04 2852927                    /usr/lib/libXext.so.6.4.0
7f9604017000-7f9604018000 r--p 00012000 08:04 2852927                    /usr/lib/libXext.so.6.4.0
7f9604018000-7f9604019000 rw-p 00013000 08:04 2852927                    /usr/lib/libXext.so.6.4.0
7f9604019000-7f960401e000 r--p 00000000 08:04 2854255                    /usr/lib/jvm/java-8-openjdk/jre/lib/amd64/libnet.so
7f960401e000-7f960402e000 r-xp 00005000 08:04 2854255                    /usr/lib/jvm/java-8-openjdk/jre/lib/amd64/libnet.so
7f960402e000-7f9604032000 r--p 00015000 08:04 2854255                    /usr/lib/jvm/java-8-openjdk/jre/lib/amd64/libnet.so
7f9604032000-7f9604033000 r--p 00018000 08:04 2854255                    /usr/lib/jvm/java-8-openjdk/jre/lib/amd64/libnet.so
7f9604033000-7f9604034000 rw-p 00019000 08:04 2854255                    /usr/lib/jvm/java-8-openjdk/jre/lib/amd64/libnet.so
7f9604034000-7f960403b000 r--p 00000000 08:04 2854256                    /usr/lib/jvm/java-8-openjdk/jre/lib/amd64/libnio.so
7f960403b000-7f9604043000 r-xp 00007000 08:04 2854256                    /usr/lib/jvm/java-8-openjdk/jre/lib/amd64/libnio.so
7f9604043000-7f9604046000 r--p 0000f000 08:04 2854256                    /usr/lib/jvm/java-8-openjdk/jre/lib/amd64/libnio.so
7f9604046000-7f9604047000 ---p 00012000 08:04 2854256                    /usr/lib/jvm/java-8-openjdk/jre/lib/amd64/libnio.so
7f9604047000-7f9604048000 r--p 00012000 08:04 2854256                    /usr/lib/jvm/java-8-openjdk/jre/lib/amd64/libnio.so
7f9604048000-7f9604049000 rw-p 00013000 08:04 2854256                    /usr/lib/jvm/java-8-openjdk/jre/lib/amd64/libnio.so
7f9604049000-7f960433e000 rw-p 00000000 00:00 0 
7f960433e000-7f9604510000 r--s 03ca4000 08:04 2854318                    /usr/lib/jvm/java-8-openjdk/jre/lib/rt.jar
7f9604510000-7f9604e21000 rw-p 00000000 00:00 0 
7f9604e21000-7f9604e22000 ---p 00000000 00:00 0 
7f9604e22000-7f9604f22000 rw-p 00000000 00:00 0 
7f9604f22000-7f9604f23000 ---p 00000000 00:00 0 
7f9604f23000-7f9605023000 rw-p 00000000 00:00 0 
7f9605023000-7f9605024000 ---p 00000000 00:00 0 
7f9605024000-7f9605124000 rw-p 00000000 00:00 0 
7f9605124000-7f9605125000 ---p 00000000 00:00 0 
7f9605125000-7f9605279000 rw-p 00000000 00:00 0 
7f9605279000-7f9605757000 ---p 00000000 00:00 0 
7f9605757000-7f96057ab000 rw-p 00000000 00:00 0 
7f96057ab000-7f9605c88000 ---p 00000000 00:00 0 
7f9605c88000-7f9605cb2000 rw-p 00000000 00:00 0 
7f9605cb2000-7f9605f21000 ---p 00000000 00:00 0 
7f9605f21000-7f9605f2c000 rw-p 00000000 00:00 0 
7f9605f2c000-7f96062e2000 ---p 00000000 00:00 0 
7f96062e2000-7f96062e5000 r--p 00000000 08:04 2828767                    /usr/lib/libnss_files-2.33.so
7f96062e5000-7f96062ec000 r-xp 00003000 08:04 2828767                    /usr/lib/libnss_files-2.33.so
7f96062ec000-7f96062ee000 r--p 0000a000 08:04 2828767                    /usr/lib/libnss_files-2.33.so
7f96062ee000-7f96062ef000 r--p 0000b000 08:04 2828767                    /usr/lib/libnss_files-2.33.so
7f96062ef000-7f96062f0000 rw-p 0000c000 08:04 2828767                    /usr/lib/libnss_files-2.33.so
7f96062f0000-7f96062f6000 rw-p 00000000 00:00 0 
7f96062f9000-7f96062fb000 r--p 00000000 08:04 2853022                    /usr/lib/libXtst.so.6.1.0
7f96062fb000-7f96062fe000 r-xp 00002000 08:04 2853022                    /usr/lib/libXtst.so.6.1.0
7f96062fe000-7f96062ff000 r--p 00005000 08:04 2853022                    /usr/lib/libXtst.so.6.1.0
7f96062ff000-7f9606300000 r--p 00005000 08:04 2853022                    /usr/lib/libXtst.so.6.1.0
7f9606300000-7f9606301000 rw-p 00006000 08:04 2853022                    /usr/lib/libXtst.so.6.1.0
7f9606301000-7f9606307000 r--s 000d3000 08:04 2854304                    /usr/lib/jvm/java-8-openjdk/jre/lib/jfr.jar
7f9606307000-7f960630a000 r--p 00000000 08:04 2854263                    /usr/lib/jvm/java-8-openjdk/jre/lib/amd64/libzip.so
7f960630a000-7f960630e000 r-xp 00003000 08:04 2854263                    /usr/lib/jvm/java-8-openjdk/jre/lib/amd64/libzip.so
7f960630e000-7f9606310000 r--p 00007000 08:04 2854263                    /usr/lib/jvm/java-8-openjdk/jre/lib/amd64/libzip.so
7f9606310000-7f9606311000 r--p 00008000 08:04 2854263                    /usr/lib/jvm/java-8-openjdk/jre/lib/amd64/libzip.so
7f9606311000-7f9606312000 rw-p 00009000 08:04 2854263                    /usr/lib/jvm/java-8-openjdk/jre/lib/amd64/libzip.so
7f9606312000-7f960631f000 r--p 00000000 08:04 2854245                    /usr/lib/jvm/java-8-openjdk/jre/lib/amd64/libjava.so
7f960631f000-7f9606335000 r-xp 0000d000 08:04 2854245                    /usr/lib/jvm/java-8-openjdk/jre/lib/amd64/libjava.so
7f9606335000-7f960633c000 r--p 00023000 08:04 2854245                    /usr/lib/jvm/java-8-openjdk/jre/lib/amd64/libjava.so
7f960633c000-7f960633d000 r--p 00029000 08:04 2854245                    /usr/lib/jvm/java-8-openjdk/jre/lib/amd64/libjava.so
7f960633d000-7f960633e000 rw-p 0002a000 08:04 2854245                    /usr/lib/jvm/java-8-openjdk/jre/lib/amd64/libjava.so
7f960633e000-7f960633f000 rw-p 00000000 00:00 0 
7f960633f000-7f9606342000 r--p 00000000 08:04 2828782                    /usr/lib/librt-2.33.so
7f9606342000-7f9606346000 r-xp 00003000 08:04 2828782                    /usr/lib/librt-2.33.so
7f9606346000-7f9606348000 r--p 00007000 08:04 2828782                    /usr/lib/librt-2.33.so
7f9606348000-7f9606349000 r--p 00008000 08:04 2828782                    /usr/lib/librt-2.33.so
7f9606349000-7f960634a000 rw-p 00009000 08:04 2828782                    /usr/lib/librt-2.33.so
7f960634a000-7f960634b000 ---p 00000000 00:00 0 
7f960634b000-7f960634e000 ---p 00000000 00:00 0 
7f960634e000-7f960644b000 rw-p 00000000 00:00 0 
7f960644b000-7f960645a000 r--p 00000000 08:04 2828746                    /usr/lib/libm-2.33.so
7f960645a000-7f96064f4000 r-xp 0000f000 08:04 2828746                    /usr/lib/libm-2.33.so
7f96064f4000-7f960658c000 r--p 000a9000 08:04 2828746                    /usr/lib/libm-2.33.so
7f960658c000-7f960658d000 ---p 00141000 08:04 2828746                    /usr/lib/libm-2.33.so
7f960658d000-7f960658e000 r--p 00141000 08:04 2828746                    /usr/lib/libm-2.33.so
7f960658e000-7f960658f000 rw-p 00142000 08:04 2828746                    /usr/lib/libm-2.33.so
7f960658f000-7f9606786000 r--p 00000000 08:04 2854266                    /usr/lib/jvm/java-8-openjdk/jre/lib/amd64/server/libjvm.so
7f9606786000-7f96070bf000 r-xp 001f7000 08:04 2854266                    /usr/lib/jvm/java-8-openjdk/jre/lib/amd64/server/libjvm.so
7f96070bf000-7f9607278000 r--p 00b30000 08:04 2854266                    /usr/lib/jvm/java-8-openjdk/jre/lib/amd64/server/libjvm.so
7f9607278000-7f9607279000 ---p 00ce9000 08:04 2854266                    /usr/lib/jvm/java-8-openjdk/jre/lib/amd64/server/libjvm.so
7f9607279000-7f9607310000 r--p 00ce9000 08:04 2854266                    /usr/lib/jvm/java-8-openjdk/jre/lib/amd64/server/libjvm.so
7f9607310000-7f9607339000 rw-p 00d80000 08:04 2854266                    /usr/lib/jvm/java-8-openjdk/jre/lib/amd64/server/libjvm.so
7f9607339000-7f960736e000 rw-p 00000000 00:00 0 
7f960736e000-7f9607375000 r--p 00000000 08:04 2828774                    /usr/lib/libpthread-2.33.so
7f9607375000-7f9607384000 r-xp 00007000 08:04 2828774                    /usr/lib/libpthread-2.33.so
7f9607384000-7f9607388000 r--p 00016000 08:04 2828774                    /usr/lib/libpthread-2.33.so
7f9607388000-7f9607389000 ---p 0001a000 08:04 2828774                    /usr/lib/libpthread-2.33.so
7f9607389000-7f960738a000 r--p 0001a000 08:04 2828774                    /usr/lib/libpthread-2.33.so
7f960738a000-7f960738b000 rw-p 0001b000 08:04 2828774                    /usr/lib/libpthread-2.33.so
7f960738b000-7f960738f000 rw-p 00000000 00:00 0 
7f960738f000-7f9607391000 r--p 00000000 08:04 2828740                    /usr/lib/libdl-2.33.so
7f9607391000-7f9607393000 r-xp 00002000 08:04 2828740                    /usr/lib/libdl-2.33.so
7f9607393000-7f9607394000 r--p 00004000 08:04 2828740                    /usr/lib/libdl-2.33.so
7f9607394000-7f9607395000 r--p 00004000 08:04 2828740                    /usr/lib/libdl-2.33.so
7f9607395000-7f9607396000 rw-p 00005000 08:04 2828740                    /usr/lib/libdl-2.33.so
7f9607396000-7f9607399000 r--p 00000000 08:04 2830109                    /usr/lib/libz.so.1.2.11
7f9607399000-7f96073a7000 r-xp 00003000 08:04 2830109                    /usr/lib/libz.so.1.2.11
7f96073a7000-7f96073ad000 r--p 00011000 08:04 2830109                    /usr/lib/libz.so.1.2.11
7f96073ad000-7f96073ae000 ---p 00017000 08:04 2830109                    /usr/lib/libz.so.1.2.11
7f96073ae000-7f96073af000 r--p 00017000 08:04 2830109                    /usr/lib/libz.so.1.2.11
7f96073af000-7f96073b0000 rw-p 00018000 08:04 2830109                    /usr/lib/libz.so.1.2.11
7f96073b0000-7f96073d6000 r--p 00000000 08:04 2828733                    /usr/lib/libc-2.33.so
7f96073d6000-7f9607521000 r-xp 00026000 08:04 2828733                    /usr/lib/libc-2.33.so
7f9607521000-7f960756d000 r--p 00171000 08:04 2828733                    /usr/lib/libc-2.33.so
7f960756d000-7f9607570000 r--p 001bc000 08:04 2828733                    /usr/lib/libc-2.33.so
7f9607570000-7f9607573000 rw-p 001bf000 08:04 2828733                    /usr/lib/libc-2.33.so
7f9607573000-7f960757c000 rw-p 00000000 00:00 0 
7f960757c000-7f9607584000 rw-s 00000000 00:21 9591                       /tmp/hsperfdata_root/742818
7f9607584000-7f9607585000 rw-p 00000000 00:00 0 
7f9607585000-7f9607586000 r--p 00000000 00:00 0 
7f9607586000-7f960758b000 r--p 00000000 08:04 2854262                    /usr/lib/jvm/java-8-openjdk/jre/lib/amd64/libverify.so
7f960758b000-7f9607592000 r-xp 00005000 08:04 2854262                    /usr/lib/jvm/java-8-openjdk/jre/lib/amd64/libverify.so
7f9607592000-7f9607594000 r--p 0000c000 08:04 2854262                    /usr/lib/jvm/java-8-openjdk/jre/lib/amd64/libverify.so
7f9607594000-7f9607595000 ---p 0000e000 08:04 2854262                    /usr/lib/jvm/java-8-openjdk/jre/lib/amd64/libverify.so
7f9607595000-7f9607597000 r--p 0000e000 08:04 2854262                    /usr/lib/jvm/java-8-openjdk/jre/lib/amd64/libverify.so
7f9607597000-7f9607598000 rw-p 00010000 08:04 2854262                    /usr/lib/jvm/java-8-openjdk/jre/lib/amd64/libverify.so
7f9607598000-7f960759b000 r--p 00000000 08:04 2854231                    /usr/lib/jvm/java-8-openjdk/jre/lib/amd64/jli/libjli.so
7f960759b000-7f96075a4000 r-xp 00003000 08:04 2854231                    /usr/lib/jvm/java-8-openjdk/jre/lib/amd64/jli/libjli.so
7f96075a4000-7f96075a7000 r--p 0000c000 08:04 2854231                    /usr/lib/jvm/java-8-openjdk/jre/lib/amd64/jli/libjli.so
7f96075a7000-7f96075a8000 r--p 0000e000 08:04 2854231                    /usr/lib/jvm/java-8-openjdk/jre/lib/amd64/jli/libjli.so
7f96075a8000-7f96075a9000 rw-p 0000f000 08:04 2854231                    /usr/lib/jvm/java-8-openjdk/jre/lib/amd64/jli/libjli.so
7f96075a9000-7f96075ab000 rw-p 00000000 00:00 0 
7f96075ab000-7f96075ac000 r--p 00000000 08:04 2828722                    /usr/lib/ld-2.33.so
7f96075ac000-7f96075d0000 r-xp 00001000 08:04 2828722                    /usr/lib/ld-2.33.so
7f96075d0000-7f96075d9000 r--p 00025000 08:04 2828722                    /usr/lib/ld-2.33.so
7f96075d9000-7f96075db000 r--p 0002d000 08:04 2828722                    /usr/lib/ld-2.33.so
7f96075db000-7f96075dd000 rw-p 0002f000 08:04 2828722                    /usr/lib/ld-2.33.so
7ffd06c38000-7ffd06c5a000 rw-p 00000000 00:00 0                          [stack]
7ffd06d89000-7ffd06d8d000 r--p 00000000 00:00 0                          [vvar]
7ffd06d8d000-7ffd06d8f000 r-xp 00000000 00:00 0                          [vdso]
ffffffffff600000-ffffffffff601000 --xp 00000000 00:00 0                  [vsyscall]

VM Arguments:
jvm_args: -Dfile.encoding=US-ASCII -Duser.country=US -Duser.language=en -Duser.variant 
java_command: DiscordRPCTest
java_class_path (initial): /home/tudbut/IdeaProjects/tuddylib/build/classes/java/test:/home/tudbut/IdeaProjects/tuddylib/build/resources/test:/home/tudbut/IdeaProjects/tuddylib/build/classes/java/main:/home/tudbut/IdeaProjects/tuddylib/build/resources/main:/root/.gradle/caches/modules-2/files-2.1/org.jetbrains/annotations/20.1.0/2fcd1f3225bca0c4a7bc931142076f8c1e80993f/annotations-20.1.0.jar:/root/.gradle/caches/modules-2/files-2.1/junit/junit/4.13.1/cdd00374f1fee76b11e2a9d127405aa3f6be5b6a/junit-4.13.1.jar:/root/.gradle/caches/modules-2/files-2.1/org.junit.jupiter/junit-jupiter-params/5.7.0/521dbecace93d5d7ef13a74aab231befd7954424/junit-jupiter-params-5.7.0.jar:/root/.gradle/caches/modules-2/files-2.1/org.junit.jupiter/junit-jupiter-engine/5.7.0/d9044d6b45e2232ddd53fa56c15333e43d1749fd/junit-jupiter-engine-5.7.0.jar:/root/.gradle/caches/modules-2/files-2.1/org.junit.jupiter/junit-jupiter-api/5.7.0/b25f3815c4c1860a73041e733a14a0379d00c4d5/junit-jupiter-api-5.7.0.jar:/root/.gradle/caches/modules-2/files-2.1/org.junit.platform/junit-platform-engine/1.7.0/eadb73c5074a4ac71061defd00fc176152a4d12c/junit-platform-engine-1.7.0.jar:/root/.gradle/caches/modules-2/files-2.1/org.junit.platform/junit-platform-commons/1.7.0/84e309fbf21d857aac079a3c1fffd84284e1114d/junit-platform-commons-1.7.0.jar:/root/.gradle/caches/modules-2/files-2.1/org.junit.jupiter/junit-jupiter/5.7.0/3152d152da916ccbb0715f89f7f873f45362ad7f/junit-jupiter-5.7.0.jar:/root/.gradle/caches/modules-2/files-2.1/org.hamcrest/hamcrest-core/1.3/42a25dc3219429f0e5d060061f71acb49bf010a0/hamcrest-core-1.3.jar:/root/.gradle/caches/modules-2/files-2.1/org.apiguardian/apiguardian-api/1.1.0/fc9dff4bb36d627bdc553de77e1f17efd790876c/apiguardian-api-1.1.0.jar:/root/.gradle/caches/modules-2/files-2.1/org.opentest4j/opentest4j/1.2.0/28c11eb91f9b6d8e200631d46e20a7f407f2a046/opentest4j-1.2.0.jar
Launcher Type: SUN_STANDARD

Environment Variables:
PATH=/usr/local/sbin:/usr/local/bin:/usr/bin:/root/.dotnet/tools:/usr/lib/jvm/default/bin:/usr/bin/site_perl:/usr/bin/vendor_perl:/usr/bin/core_perl:/usr/lib/jvm/java-8-graalvm/bin
SHELL=/bin/zsh
DISPLAY=:1

Signal Handlers:
SIGSEGV: [libjvm.so+0xaf9470], sa_mask[0]=11111111011111111101111111111110, sa_flags=SA_RESTART|SA_SIGINFO
SIGBUS: [libjvm.so+0xaf9470], sa_mask[0]=11111111011111111101111111111110, sa_flags=SA_RESTART|SA_SIGINFO
SIGFPE: [libjvm.so+0x9465c0], sa_mask[0]=11111111011111111101111111111110, sa_flags=SA_RESTART|SA_SIGINFO
SIGPIPE: [libjvm.so+0x9465c0], sa_mask[0]=11111111011111111101111111111110, sa_flags=SA_RESTART|SA_SIGINFO
SIGXFSZ: [libjvm.so+0x9465c0], sa_mask[0]=11111111011111111101111111111110, sa_flags=SA_RESTART|SA_SIGINFO
SIGILL: [libjvm.so+0x9465c0], sa_mask[0]=11111111011111111101111111111110, sa_flags=SA_RESTART|SA_SIGINFO
SIGUSR1: SIG_DFL, sa_mask[0]=00000000000000000000000000000000, sa_flags=none
SIGUSR2: [libjvm.so+0x9463a0], sa_mask[0]=00100000000000000000000000000000, sa_flags=SA_RESTART|SA_SIGINFO
SIGHUP: [libjvm.so+0x946860], sa_mask[0]=11111111011111111101111111111110, sa_flags=SA_RESTART|SA_SIGINFO
SIGINT: [libjvm.so+0x946860], sa_mask[0]=11111111011111111101111111111110, sa_flags=SA_RESTART|SA_SIGINFO
SIGTERM: [libjvm.so+0x946860], sa_mask[0]=11111111011111111101111111111110, sa_flags=SA_RESTART|SA_SIGINFO
SIGQUIT: [libjvm.so+0x946860], sa_mask[0]=11111111011111111101111111111110, sa_flags=SA_RESTART|SA_SIGINFO


---------------  S Y S T E M  ---------------

OS:NAME="Arch Linux"
PRETTY_NAME="Arch Linux"
ID=arch
BUILD_ID=rolling
ANSI_COLOR="38;2;23;147;209"
HOME_URL="https://archlinux.org/"
DOCUMENTATION_URL="https://wiki.archlinux.org/"
SUPPORT_URL="https://bbs.archlinux.org/"
BUG_REPORT_URL="https://bugs.archlinux.org/"
LOGO=archlinux

uname:Linux 5.12.12-arch1-1 #1 SMP PREEMPT Fri, 18 Jun 2021 21:59:22 +0000 x86_64
libc:glibc 2.33 NPTL 2.33 
rlimit: STACK 8192k, CORE infinity, NPROC 63723, NOFILE 524288, AS infinity
load average:4.98 2.45 3.27

/proc/meminfo:
MemTotal:       16328240 kB
MemFree:          618208 kB
MemAvailable:    3518732 kB
Buffers:          196116 kB
Cached:          3611428 kB
SwapCached:      1431736 kB
Active:          5672140 kB
Inactive:        7428604 kB
Active(anon):    4238332 kB
Inactive(anon):  5906248 kB
Active(file):    1433808 kB
Inactive(file):  1522356 kB
Unevictable:          32 kB
Mlocked:              32 kB
SwapTotal:      16777212 kB
SwapFree:       12935920 kB
Dirty:             29444 kB
Writeback:             0 kB
AnonPages:       8617796 kB
Mapped:          1156760 kB
Shmem:            852912 kB
KReclaimable:     281756 kB
Slab:             586468 kB
SReclaimable:     281756 kB
SUnreclaim:       304712 kB
KernelStack:       24256 kB
PageTables:       106132 kB
NFS_Unstable:          0 kB
Bounce:                0 kB
WritebackTmp:          0 kB
CommitLimit:    24941332 kB
Committed_AS:   35818188 kB
VmallocTotal:   34359738367 kB
VmallocUsed:       81992 kB
VmallocChunk:          0 kB
Percpu:             2256 kB
HardwareCorrupted:     0 kB
AnonHugePages:         0 kB
ShmemHugePages:        0 kB
ShmemPmdMapped:        0 kB
FileHugePages:         0 kB
FilePmdMapped:         0 kB
CmaTotal:              0 kB
CmaFree:               0 kB
HugePages_Total:       0
HugePages_Free:        0
HugePages_Rsvd:        0
HugePages_Surp:        0
Hugepagesize:       2048 kB
Hugetlb:               0 kB
DirectMap4k:    13700488 kB
DirectMap2M:     3014656 kB


CPU:total 4 (initial active 4) (4 cores per cpu, 1 threads per core) family 6 model 42 stepping 7, cmov, cx8, fxsr, mmx, sse, sse2, sse3, ssse3, sse4.1, sse4.2, popcnt, avx, aes, clmul, tsc, tscinvbit

/proc/cpuinfo:
processor	: 0
vendor_id	: GenuineIntel
cpu family	: 6
model		: 42
model name	: Intel(R) Core(TM) i5-2400 CPU @ 3.10GHz
stepping	: 7
microcode	: 0x25
cpu MHz		: 3235.053
cache size	: 6144 KB
physical id	: 0
siblings	: 4
core id		: 0
cpu cores	: 4
apicid		: 0
initial apicid	: 0
fpu		: yes
fpu_exception	: yes
cpuid level	: 13
wp		: yes
flags		: fpu vme de pse tsc msr pae mce cx8 apic sep mtrr pge mca cmov pat pse36 clflush dts acpi mmx fxsr sse sse2 ht tm pbe syscall nx rdtscp lm constant_tsc arch_perfmon pebs bts rep_good nopl xtopology nonstop_tsc cpuid aperfmperf pni pclmulqdq dtes64 monitor ds_cpl vmx smx est tm2 ssse3 cx16 xtpr pdcm pcid sse4_1 sse4_2 x2apic popcnt tsc_deadline_timer aes xsave avx lahf_lm epb pti tpr_shadow vnmi flexpriority ept vpid xsaveopt dtherm ida arat pln pts
vmx flags	: vnmi preemption_timer invvpid ept_x_only flexpriority tsc_offset vtpr mtf vapic ept vpid unrestricted_guest
bugs		: cpu_meltdown spectre_v1 spectre_v2 spec_store_bypass l1tf mds swapgs itlb_multihit
bogomips	: 6188.78
clflush size	: 64
cache_alignment	: 64
address sizes	: 36 bits physical, 48 bits virtual
power management:

processor	: 1
vendor_id	: GenuineIntel
cpu family	: 6
model		: 42
model name	: Intel(R) Core(TM) i5-2400 CPU @ 3.10GHz
stepping	: 7
microcode	: 0x25
cpu MHz		: 3400.000
cache size	: 6144 KB
physical id	: 0
siblings	: 4
core id		: 1
cpu cores	: 4
apicid		: 2
initial apicid	: 2
fpu		: yes
fpu_exception	: yes
cpuid level	: 13
wp		: yes
flags		: fpu vme de pse tsc msr pae mce cx8 apic sep mtrr pge mca cmov pat pse36 clflush dts acpi mmx fxsr sse sse2 ht tm pbe syscall nx rdtscp lm constant_tsc arch_perfmon pebs bts rep_good nopl xtopology nonstop_tsc cpuid aperfmperf pni pclmulqdq dtes64 monitor ds_cpl vmx smx est tm2 ssse3 cx16 xtpr pdcm pcid sse4_1 sse4_2 x2apic popcnt tsc_deadline_timer aes xsave avx lahf_lm epb pti tpr_shadow vnmi flexpriority ept vpid xsaveopt dtherm ida arat pln pts
vmx flags	: vnmi preemption_timer invvpid ept_x_only flexpriority tsc_offset vtpr mtf vapic ept vpid unrestricted_guest
bugs		: cpu_meltdown spectre_v1 spectre_v2 spec_store_bypass l1tf mds swapgs itlb_multihit
bogomips	: 6188.78
clflush size	: 64
cache_alignment	: 64
address sizes	: 36 bits physical, 48 bits virtual
power management:

processor	: 2
vendor_id	: GenuineIntel
cpu family	: 6
model		: 42
model name	: Intel(R) Core(TM) i5-2400 CPU @ 3.10GHz
stepping	: 7
microcode	: 0x25
cpu MHz		: 3288.898
cache size	: 6144 KB
physical id	: 0
siblings	: 4
core id		: 2
cpu cores	: 4
apicid		: 4
initial apicid	: 4
fpu		: yes
fpu_exception	: yes
cpuid level	: 13
wp		: yes
flags		: fpu vme de pse tsc msr pae mce cx8 apic sep mtrr pge mca cmov pat pse36 clflush dts acpi mmx fxsr sse sse2 ht tm pbe syscall nx rdtscp lm constant_tsc arch_perfmon pebs bts rep_good nopl xtopology nonstop_tsc cpuid aperfmperf pni pclmulqdq dtes64 monitor ds_cpl vmx smx est tm2 ssse3 cx16 xtpr pdcm pcid sse4_1 sse4_2 x2apic popcnt tsc_deadline_timer aes xsave avx lahf_lm epb pti tpr_shadow vnmi flexpriority ept vpid xsaveopt dtherm ida arat pln pts
vmx flags	: vnmi preemption_timer invvpid ept_x_only flexpriority tsc_offset vtpr mtf vapic ept vpid unrestricted_guest
bugs		: cpu_meltdown spectre_v1 spectre_v2 spec_store_bypass l1tf mds swapgs itlb_multihit
bogomips	: 6188.78
clflush size	: 64
cache_alignment	: 64
address sizes	: 36 bits physical, 48 bits virtual
power management:

processor	: 3
vendor_id	: GenuineIntel
cpu family	: 6
model		: 42
model name	: Intel(R) Core(TM) i5-2400 CPU @ 3.10GHz
stepping	: 7
microcode	: 0x25
cpu MHz		: 3400.000
cache size	: 6144 KB
physical id	: 0
siblings	: 4
core id		: 3
cpu cores	: 4
apicid		: 6
initial apicid	: 6
fpu		: yes
fpu_exception	: yes
cpuid level	: 13
wp		: yes
flags		: fpu vme de pse tsc msr pae mce cx8 apic sep mtrr pge mca cmov pat pse36 clflush dts acpi mmx fxsr sse sse2 ht tm pbe syscall nx rdtscp lm constant_tsc arch_perfmon pebs bts rep_good nopl xtopology nonstop_tsc cpuid aperfmperf pni pclmulqdq dtes64 monitor ds_cpl vmx smx est tm2 ssse3 cx16 xtpr pdcm pcid sse4_1 sse4_2 x2apic popcnt tsc_deadline_timer aes xsave avx lahf_lm epb pti tpr_shadow vnmi flexpriority ept vpid xsaveopt dtherm ida arat pln pts
vmx flags	: vnmi preemption_timer invvpid ept_x_only flexpriority tsc_offset vtpr mtf vapic ept vpid unrestricted_guest
bugs		: cpu_meltdown spectre_v1 spectre_v2 spec_store_bypass l1tf mds swapgs itlb_multihit
bogomips	: 6188.78
clflush size	: 64
cache_alignment	: 64
address sizes	: 36 bits physical, 48 bits virtual
power management:



Memory: 4k page, physical 16328240k(618208k free), swap 16777212k(12935920k free)

vm_info: OpenJDK 64-Bit Server VM (25.292-b10) for linux-amd64 JRE (1.8.0_292-b10), built on Apr 24 2021 01:44:11 by "builduser" with gcc 10.2.0

time: Mon Jul 26 19:49:02 2021
timezone: CEST
elapsed time: 0.345904 seconds (0d 0h 0m 0s)

